<?xml version="1.0" encoding="UTF-8"?>
<testng-results ignored="0" total="1" passed="1" failed="0" skipped="0">
  <reporter-output>
  </reporter-output>
  <suite started-at="2022-12-05T23:17:55 IST" name="Default suite" finished-at="2022-12-05T23:18:51 IST" duration-ms="56067">
    <groups>
    </groups>
    <test started-at="2022-12-05T23:17:55 IST" name="Default test" finished-at="2022-12-05T23:18:51 IST" duration-ms="56067">
      <class name="com.ictak.script.TestClass">
        <test-method is-config="true" signature="onSetup()[pri:0, instance:com.ictak.script.TestClass@5ba3f27a]" started-at="2022-12-05T23:17:55 IST" name="onSetup" finished-at="2022-12-05T23:18:50 IST" duration-ms="54837" status="PASS">
          <reporter-output>
          </reporter-output>
        </test-method> <!-- onSetup -->
        <test-method signature="verifyhomepage()[pri:0, instance:com.ictak.script.TestClass@5ba3f27a]" started-at="2022-12-05T23:18:50 IST" name="verifyhomepage" finished-at="2022-12-05T23:18:51 IST" duration-ms="936" status="PASS">
          <reporter-output>
          </reporter-output>
        </test-method> <!-- verifyhomepage -->
      </class> <!-- com.ictak.script.TestClass -->
    </test> <!-- Default test -->
  </suite> <!-- Default suite -->
</testng-results>
